<?xml version="1.0" encoding="UTF-8"?>
<!-- Generated by org.testng.reporters.JUnitXMLReporter -->
<testsuite ignored="0" hostname="Nikhithas-MacBook-Pro.local" failures="0" tests="3" name="Surefire test" time="10.989" errors="0" timestamp="2026-03-06T19:32:36 SGT">
  <testcase classname="tests.LoginTest" name="testInvalidLogin" time="0.19"/>
  <testcase classname="tests.LoginTest" name="testValidLogin" time="0.147"/>
  <testcase classname="tests.ProductNavigationTest" name="testAddProductToCart" time="0.167"/>
</testsuite> <!-- Surefire test -->
