<?xml version="1.0" encoding="UTF-8"?>
<testng-results ignored="0" total="3" passed="3" failed="0" skipped="0">
  <reporter-output>
  </reporter-output>
  <suite started-at="2026-03-06T19:32:25 SGT" name="Surefire suite" finished-at="2026-03-06T19:32:36 SGT" duration-ms="10989">
    <groups>
    </groups>
    <test started-at="2026-03-06T19:32:25 SGT" name="Surefire test" finished-at="2026-03-06T19:32:36 SGT" duration-ms="10989">
      <class name="tests.LoginTest">
        <test-method is-config="true" signature="setUp()[pri:0, instance:tests.LoginTest@7bb58ca3]" started-at="2026-03-06T19:32:25 SGT" name="setUp" finished-at="2026-03-06T19:32:32 SGT" duration-ms="7287" status="PASS">
          <reporter-output>
          </reporter-output>
        </test-method> <!-- setUp -->
        <test-method signature="testInvalidLogin()[pri:0, instance:tests.LoginTest@7bb58ca3]" started-at="2026-03-06T19:32:32 SGT" name="testInvalidLogin" finished-at="2026-03-06T19:32:32 SGT" duration-ms="190" status="PASS">
          <reporter-output>
          </reporter-output>
        </test-method> <!-- testInvalidLogin -->
        <test-method is-config="true" signature="tearDown()[pri:0, instance:tests.LoginTest@7bb58ca3]" started-at="2026-03-06T19:32:32 SGT" name="tearDown" finished-at="2026-03-06T19:32:32 SGT" duration-ms="85" status="PASS">
          <reporter-output>
          </reporter-output>
        </test-method> <!-- tearDown -->
        <test-method is-config="true" signature="setUp()[pri:0, instance:tests.LoginTest@7bb58ca3]" started-at="2026-03-06T19:32:32 SGT" name="setUp" finished-at="2026-03-06T19:32:34 SGT" duration-ms="1472" status="PASS">
          <reporter-output>
          </reporter-output>
        </test-method> <!-- setUp -->
        <test-method signature="testValidLogin()[pri:0, instance:tests.LoginTest@7bb58ca3]" started-at="2026-03-06T19:32:34 SGT" name="testValidLogin" finished-at="2026-03-06T19:32:34 SGT" duration-ms="147" status="PASS">
          <reporter-output>
          </reporter-output>
        </test-method> <!-- testValidLogin -->
        <test-method is-config="true" signature="tearDown()[pri:0, instance:tests.LoginTest@7bb58ca3]" started-at="2026-03-06T19:32:34 SGT" name="tearDown" finished-at="2026-03-06T19:32:34 SGT" duration-ms="98" status="PASS">
          <reporter-output>
          </reporter-output>
        </test-method> <!-- tearDown -->
      </class> <!-- tests.LoginTest -->
      <class name="tests.ProductNavigationTest">
        <test-method is-config="true" signature="setUp()[pri:0, instance:tests.ProductNavigationTest@25a65b77]" started-at="2026-03-06T19:32:34 SGT" name="setUp" finished-at="2026-03-06T19:32:35 SGT" duration-ms="1445" status="PASS">
          <reporter-output>
          </reporter-output>
        </test-method> <!-- setUp -->
        <test-method signature="testAddProductToCart()[pri:0, instance:tests.ProductNavigationTest@25a65b77]" started-at="2026-03-06T19:32:35 SGT" name="testAddProductToCart" finished-at="2026-03-06T19:32:36 SGT" duration-ms="167" status="PASS">
          <reporter-output>
          </reporter-output>
        </test-method> <!-- testAddProductToCart -->
        <test-method is-config="true" signature="tearDown()[pri:0, instance:tests.ProductNavigationTest@25a65b77]" started-at="2026-03-06T19:32:36 SGT" name="tearDown" finished-at="2026-03-06T19:32:36 SGT" duration-ms="86" status="PASS">
          <reporter-output>
          </reporter-output>
        </test-method> <!-- tearDown -->
      </class> <!-- tests.ProductNavigationTest -->
    </test> <!-- Surefire test -->
  </suite> <!-- Surefire suite -->
</testng-results>
