<?xml version="1.0" encoding="UTF-8"?>
<testsuite xmlns:xsi="http://www.w3.org/2001/XMLSchema-instance" xsi:noNamespaceSchemaLocation="https://maven.apache.org/surefire/maven-surefire-plugin/xsd/surefire-test-report.xsd" name="TestSuite" time="11.126" tests="3" errors="0" skipped="0" failures="0">
  <properties>
[...]
</properties>
  <testcase name="testInvalidLogin" classname="tests.LoginTest" time="0.193"/>
  <testcase name="testValidLogin" classname="tests.LoginTest" time="0.147"/>
  <testcase name="testAddProductToCart" classname="tests.ProductNavigationTest" time="0.167"/>
</testsuite>